f:\studyspace\workspace\moba\class_libuv\class_libuv\class_libuv\debug\vc142.pdb
f:\studyspace\workspace\moba\class_libuv\class_libuv\class_libuv\debug\vc142.idb
f:\studyspace\workspace\moba\class_libuv\class_libuv\class_libuv\debug\req.obj
f:\studyspace\workspace\moba\class_libuv\class_libuv\class_libuv\debug\process.obj
f:\studyspace\workspace\moba\class_libuv\class_libuv\class_libuv\debug\process-stdio.obj
f:\studyspace\workspace\moba\class_libuv\class_libuv\class_libuv\debug\poll.obj
f:\studyspace\workspace\moba\class_libuv\class_libuv\class_libuv\debug\pipe.obj
f:\studyspace\workspace\moba\class_libuv\class_libuv\class_libuv\debug\loop-watcher.obj
f:\studyspace\workspace\moba\class_libuv\class_libuv\class_libuv\debug\handle.obj
f:\studyspace\workspace\moba\class_libuv\class_libuv\class_libuv\debug\getnameinfo.obj
f:\studyspace\workspace\moba\class_libuv\class_libuv\class_libuv\debug\getaddrinfo.obj
f:\studyspace\workspace\moba\class_libuv\class_libuv\class_libuv\debug\fs.obj
f:\studyspace\workspace\moba\class_libuv\class_libuv\class_libuv\debug\fs-event.obj
f:\studyspace\workspace\moba\class_libuv\class_libuv\class_libuv\debug\error.obj
f:\studyspace\workspace\moba\class_libuv\class_libuv\class_libuv\debug\dl.obj
f:\studyspace\workspace\moba\class_libuv\class_libuv\class_libuv\debug\core.obj
f:\studyspace\workspace\moba\class_libuv\class_libuv\class_libuv\debug\async.obj
f:\studyspace\workspace\moba\class_libuv\class_libuv\class_libuv\debug\version.obj
f:\studyspace\workspace\moba\class_libuv\class_libuv\class_libuv\debug\uv-common.obj
f:\studyspace\workspace\moba\class_libuv\class_libuv\class_libuv\debug\threadpool.obj
f:\studyspace\workspace\moba\class_libuv\class_libuv\class_libuv\debug\inet.obj
f:\studyspace\workspace\moba\class_libuv\class_libuv\class_libuv\debug\fs-poll.obj
f:\studyspace\workspace\moba\class_libuv\class_libuv\class_libuv\debug\main_udp.obj
f:\studyspace\workspace\moba\class_libuv\class_libuv\class_libuv\debug\winsock.obj
f:\studyspace\workspace\moba\class_libuv\class_libuv\class_libuv\debug\winapi.obj
f:\studyspace\workspace\moba\class_libuv\class_libuv\class_libuv\debug\util.obj
f:\studyspace\workspace\moba\class_libuv\class_libuv\class_libuv\debug\udp.obj
f:\studyspace\workspace\moba\class_libuv\class_libuv\class_libuv\debug\tty.obj
f:\studyspace\workspace\moba\class_libuv\class_libuv\class_libuv\debug\timer.obj
f:\studyspace\workspace\moba\class_libuv\class_libuv\class_libuv\debug\thread.obj
f:\studyspace\workspace\moba\class_libuv\class_libuv\class_libuv\debug\tcp.obj
f:\studyspace\workspace\moba\class_libuv\class_libuv\class_libuv\debug\stream.obj
f:\studyspace\workspace\moba\class_libuv\class_libuv\class_libuv\debug\snprintf.obj
f:\studyspace\workspace\moba\class_libuv\class_libuv\class_libuv\debug\signal.obj
f:\studyspace\workspace\moba\class_libuv\class_libuv\debug\class_libuv.ilk
f:\studyspace\workspace\moba\class_libuv\class_libuv\debug\class_libuv.exe
f:\studyspace\workspace\moba\class_libuv\class_libuv\debug\class_libuv.pdb
f:\studyspace\workspace\moba\class_libuv\class_libuv\class_libuv\debug\class_libuv.tlog\cl.command.1.tlog
f:\studyspace\workspace\moba\class_libuv\class_libuv\class_libuv\debug\class_libuv.tlog\cl.read.1.tlog
f:\studyspace\workspace\moba\class_libuv\class_libuv\class_libuv\debug\class_libuv.tlog\cl.write.1.tlog
f:\studyspace\workspace\moba\class_libuv\class_libuv\class_libuv\debug\class_libuv.tlog\link.command.1.tlog
f:\studyspace\workspace\moba\class_libuv\class_libuv\class_libuv\debug\class_libuv.tlog\link.read.1.tlog
f:\studyspace\workspace\moba\class_libuv\class_libuv\class_libuv\debug\class_libuv.tlog\link.write.1.tlog
