  fs-poll.c
  inet.c
  threadpool.c
  uv-common.c
  version.c
  async.c
  core.c
  dl.c
  error.c
  fs-event.c
  fs.c
  getaddrinfo.c
  getnameinfo.c
  handle.c
  loop-watcher.c
  pipe.c
  poll.c
  process-stdio.c
  process.c
  req.c
  正在生成代码...
  正在编译...
  signal.c
  snprintf.c
  stream.c
  tcp.c
  thread.c
  timer.c
  tty.c
  udp.c
  util.c
  winapi.c
  winsock.c
  main_udp.c
F:\StudySpace\workspace\Moba\class_libuv\class_libuv\src\main_udp.c(38,18): warning C4133: “函数”: 从“const sockaddr *”到“const sockaddr_in *”的类型不兼容
F:\StudySpace\workspace\Moba\class_libuv\class_libuv\src\main_udp.c(62,28): warning C4133: “函数”: 从“sockaddr_in *”到“const sockaddr *”的类型不兼容
  正在生成代码...
  class_libuv.vcxproj -> F:\StudySpace\workspace\Moba\class_libuv\class_libuv\Debug\class_libuv.exe
